<?xml version="1.0" encoding="UTF-8"?>
<!-- Generated by org.testng.reporters.JUnitXMLReporter -->
<testsuite ignored="0" hostname="DESKTOP-JU5A8H9" failures="0" tests="1" name="Test-1" time="63.237" errors="0" timestamp="2023-08-03T10:01:33 IST">
  <testcase classname="rahulshettyacademy.TestDemo" name="checkTitle" time="63.088"/>
</testsuite> <!-- Test-1 -->
