<?xml version="1.0" encoding="UTF-8"?>
<!-- Generated by org.testng.reporters.JUnitXMLReporter -->
<testsuite ignored="0" hostname="DESKTOP-JU5A8H9" failures="0" tests="1" name="Test-0" time="12.568" errors="0" timestamp="2023-08-03T10:00:42 IST">
  <testcase classname="rahulshettyacademy.TestDemo" name="checkTitle" time="12.405"/>
</testsuite> <!-- Test-0 -->
