<?xml version="1.0" encoding="UTF-8"?>
<!-- Generated by org.testng.reporters.JUnitReportReporter -->
<testsuite hostname="DESKTOP-JU5A8H9" failures="0" tests="2" name="rahulshettyacademy.TestDemo" time="75.493" errors="0" timestamp="2023-08-03T10:01:33 IST" skipped="0">
  <testcase classname="rahulshettyacademy.TestDemo" name="checkTitle" time="12.405"/>
  <testcase classname="rahulshettyacademy.TestDemo" name="checkTitle" time="63.088"/>
</testsuite> <!-- rahulshettyacademy.TestDemo -->
