<?xml version="1.0" encoding="UTF-8"?>
<!-- Generated by org.testng.reporters.JUnitReportReporter -->
<testsuite hostname="DESKTOP-JU5A8H9" failures="0" tests="2" name="rahulshettyacademy.TestDemo2" time="26.820" errors="0" timestamp="2023-08-03T10:01:33 IST" skipped="0">
  <testcase classname="rahulshettyacademy.TestDemo2" name="checkTitleGoogle" time="8.693"/>
  <testcase classname="rahulshettyacademy.TestDemo2" name="checkTitleGoogle" time="18.127"/>
</testsuite> <!-- rahulshettyacademy.TestDemo2 -->
